<?xml version="1.0" encoding="UTF-8"?>
<testng-results ignored="0" total="1" passed="1" failed="0" skipped="0">
  <reporter-output>
  </reporter-output>
  <suite started-at="2022-01-14T21:19:27Z" name="Command line suite" finished-at="2022-01-14T21:19:28Z" duration-ms="138">
    <groups>
    </groups>
    <test started-at="2022-01-14T21:19:27Z" name="Command line test" finished-at="2022-01-14T21:19:28Z" duration-ms="138">
      <class name="testng.TestMethod">
        <test-method signature="annotation()[pri:0, instance:testng.TestMethod@50c87b21]" started-at="2022-01-14T21:19:28Z" name="annotation" finished-at="2022-01-14T21:19:28Z" duration-ms="6" status="PASS">
          <reporter-output>
          </reporter-output>
        </test-method> <!-- annotation -->
      </class> <!-- testng.TestMethod -->
    </test> <!-- Command line test -->
  </suite> <!-- Command line suite -->
</testng-results>
